This is pdfTeX, Version 3.141592653-2.6-1.40.24 (TeX Live 2022) (preloaded format=pdflatex 2023.2.3)  3 FEB 2023 13:23
entering extended mode
 restricted \write18 enabled.
 %&-line parsing enabled.
**02-starting-with-data.tex
(./02-starting-with-data.tex
LaTeX2e <2022-11-01> patch level 1
L3 programming layer <2023-02-01> (c:/Users/MarmontB/AppData/Roaming/TinyTeX/texmf-dist/tex/latex/base/article.cls
Document Class: article 2022/07/02 v1.4n Standard LaTeX document class
(c:/Users/MarmontB/AppData/Roaming/TinyTeX/texmf-dist/tex/latex/base/size10.clo
File: size10.clo 2022/07/02 v1.4n Standard LaTeX file (size option)
)
\c@part=\count185
\c@section=\count186
\c@subsection=\count187
\c@subsubsection=\count188
\c@paragraph=\count189
\c@subparagraph=\count190
\c@figure=\count191
\c@table=\count192
\abovecaptionskip=\skip48
\belowcaptionskip=\skip49
\bibindent=\dimen140
) (c:/Users/MarmontB/AppData/Roaming/TinyTeX/texmf-dist/tex/latex/graphics/graphicx.sty
Package: graphicx 2021/09/16 v1.2d Enhanced LaTeX Graphics (DPC,SPQR)
(c:/Users/MarmontB/AppData/Roaming/TinyTeX/texmf-dist/tex/latex/graphics/keyval.sty
Package: keyval 2022/05/29 v1.15 key=value parser (DPC)
\KV@toks@=\toks16
) (c:/Users/MarmontB/AppData/Roaming/TinyTeX/texmf-dist/tex/latex/graphics/graphics.sty
Package: graphics 2022/03/10 v1.4e Standard LaTeX Graphics (DPC,SPQR)
(c:/Users/MarmontB/AppData/Roaming/TinyTeX/texmf-dist/tex/latex/graphics/trig.sty
Package: trig 2021/08/11 v1.11 sin cos tan (DPC)
) (c:/Users/MarmontB/AppData/Roaming/TinyTeX/texmf-dist/tex/latex/graphics-cfg/graphics.cfg
File: graphics.cfg 2016/06/04 v1.11 sample graphics configuration
)
Package graphics Info: Driver file: pdftex.def on input line 107.
(c:/Users/MarmontB/AppData/Roaming/TinyTeX/texmf-dist/tex/latex/graphics-def/pdftex.def
File: pdftex.def 2022/09/22 v1.2b Graphics/color driver for pdftex
))
\Gin@req@height=\dimen141
\Gin@req@width=\dimen142
) (c:/Users/MarmontB/AppData/Roaming/TinyTeX/texmf-dist/tex/latex/xcolor/xcolor.sty
Package: xcolor 2022/06/12 v2.14 LaTeX color extensions (UK)
(c:/Users/MarmontB/AppData/Roaming/TinyTeX/texmf-dist/tex/latex/graphics-cfg/color.cfg
File: color.cfg 2016/01/02 v1.6 sample color configuration
)
Package xcolor Info: Driver file: pdftex.def on input line 227.
(c:/Users/MarmontB/AppData/Roaming/TinyTeX/texmf-dist/tex/latex/graphics/mathcolor.ltx)
Package xcolor Info: Model `cmy' substituted by `cmy0' on input line 1353.
Package xcolor Info: Model `hsb' substituted by `rgb' on input line 1357.
Package xcolor Info: Model `RGB' extended on input line 1369.
Package xcolor Info: Model `HTML' substituted by `rgb' on input line 1371.
Package xcolor Info: Model `Hsb' substituted by `hsb' on input line 1372.
Package xcolor Info: Model `tHsb' substituted by `hsb' on input line 1373.
Package xcolor Info: Model `HSB' substituted by `hsb' on input line 1374.
Package xcolor Info: Model `Gray' substituted by `gray' on input line 1375.
Package xcolor Info: Model `wave' substituted by `hsb' on input line 1376.
) (c:/Users/MarmontB/AppData/Roaming/TinyTeX/texmf-dist/tex/latex/framed/framed.sty
Package: framed 2011/10/22 v 0.96: framed or shaded text with page breaks
\OuterFrameSep=\skip50
\fb@frw=\dimen143
\fb@frh=\dimen144
\FrameRule=\dimen145
\FrameSep=\dimen146
) (c:/Users/MarmontB/AppData/Roaming/TinyTeX/texmf-dist/tex/latex/base/alltt.sty
Package: alltt 2021/01/29 v2.0g defines alltt environment
) (c:/Users/MarmontB/AppData/Roaming/TinyTeX/texmf-dist/tex/latex/psnfss/mathpazo.sty
Package: mathpazo 2020/03/25 PSNFSS-v9.3 Palatino w/ Pazo Math (D.Puga, WaS) 
\symupright=\mathgroup4
) (c:/Users/MarmontB/AppData/Roaming/TinyTeX/texmf-dist/tex/latex/base/fontenc.sty
Package: fontenc 2021/04/29 v2.0v Standard LaTeX package
LaTeX Font Info:    Trying to load font information for T1+pplx on input line 112.
(c:/Users/MarmontB/AppData/Roaming/TinyTeX/texmf-dist/tex/latex/psnfss/t1pplx.fd
File: t1pplx.fd 2004/09/06 font definitions for T1/pplx.
)) (c:/Users/MarmontB/AppData/Roaming/TinyTeX/texmf-dist/tex/latex/geometry/geometry.sty
Package: geometry 2020/01/02 v5.9 Page Geometry
(c:/Users/MarmontB/AppData/Roaming/TinyTeX/texmf-dist/tex/generic/iftex/ifvtex.sty
Package: ifvtex 2019/10/25 v1.7 ifvtex legacy package. Use iftex instead.
(c:/Users/MarmontB/AppData/Roaming/TinyTeX/texmf-dist/tex/generic/iftex/iftex.sty
Package: iftex 2022/02/03 v1.0f TeX engine tests
))
\Gm@cnth=\count193
\Gm@cntv=\count194
\c@Gm@tempcnt=\count195
\Gm@bindingoffset=\dimen147
\Gm@wd@mp=\dimen148
\Gm@odd@mp=\dimen149
\Gm@even@mp=\dimen150
\Gm@layoutwidth=\dimen151
\Gm@layoutheight=\dimen152
\Gm@layouthoffset=\dimen153
\Gm@layoutvoffset=\dimen154
\Gm@dimlist=\toks17
) (c:/Users/MarmontB/AppData/Roaming/TinyTeX/texmf-dist/tex/latex/hyperref/hyperref.sty
Package: hyperref 2022-11-13 v7.00u Hypertext links for LaTeX
(c:/Users/MarmontB/AppData/Roaming/TinyTeX/texmf-dist/tex/generic/ltxcmds/ltxcmds.sty
Package: ltxcmds 2020-05-10 v1.25 LaTeX kernel commands for general use (HO)
) (c:/Users/MarmontB/AppData/Roaming/TinyTeX/texmf-dist/tex/generic/pdftexcmds/pdftexcmds.sty
Package: pdftexcmds 2020-06-27 v0.33 Utility functions of pdfTeX for LuaTeX (HO)
(c:/Users/MarmontB/AppData/Roaming/TinyTeX/texmf-dist/tex/generic/infwarerr/infwarerr.sty
Package: infwarerr 2019/12/03 v1.5 Providing info/warning/error messages (HO)
)
Package pdftexcmds Info: \pdf@primitive is available.
Package pdftexcmds Info: \pdf@ifprimitive is available.
Package pdftexcmds Info: \pdfdraftmode found.
) (c:/Users/MarmontB/AppData/Roaming/TinyTeX/texmf-dist/tex/latex/kvsetkeys/kvsetkeys.sty
Package: kvsetkeys 2022-10-05 v1.19 Key value parser (HO)
) (c:/Users/MarmontB/AppData/Roaming/TinyTeX/texmf-dist/tex/generic/kvdefinekeys/kvdefinekeys.sty
Package: kvdefinekeys 2019-12-19 v1.6 Define keys (HO)
) (c:/Users/MarmontB/AppData/Roaming/TinyTeX/texmf-dist/tex/generic/pdfescape/pdfescape.sty
Package: pdfescape 2019/12/09 v1.15 Implements pdfTeX's escape features (HO)
) (c:/Users/MarmontB/AppData/Roaming/TinyTeX/texmf-dist/tex/latex/hycolor/hycolor.sty
Package: hycolor 2020-01-27 v1.10 Color options for hyperref/bookmark (HO)
) (c:/Users/MarmontB/AppData/Roaming/TinyTeX/texmf-dist/tex/latex/letltxmacro/letltxmacro.sty
Package: letltxmacro 2019/12/03 v1.6 Let assignment for LaTeX macros (HO)
) (c:/Users/MarmontB/AppData/Roaming/TinyTeX/texmf-dist/tex/latex/auxhook/auxhook.sty
Package: auxhook 2019-12-17 v1.6 Hooks for auxiliary files (HO)
) (c:/Users/MarmontB/AppData/Roaming/TinyTeX/texmf-dist/tex/latex/hyperref/nameref.sty
Package: nameref 2022-05-17 v2.50 Cross-referencing by name of section
(c:/Users/MarmontB/AppData/Roaming/TinyTeX/texmf-dist/tex/latex/refcount/refcount.sty
Package: refcount 2019/12/15 v3.6 Data extraction from label references (HO)
) (c:/Users/MarmontB/AppData/Roaming/TinyTeX/texmf-dist/tex/generic/gettitlestring/gettitlestring.sty
Package: gettitlestring 2019/12/15 v1.6 Cleanup title references (HO)
(c:/Users/MarmontB/AppData/Roaming/TinyTeX/texmf-dist/tex/latex/kvoptions/kvoptions.sty
Package: kvoptions 2022-06-15 v3.15 Key value format for package options (HO)
))
\c@section@level=\count196
)
\@linkdim=\dimen155
\Hy@linkcounter=\count197
\Hy@pagecounter=\count198
(c:/Users/MarmontB/AppData/Roaming/TinyTeX/texmf-dist/tex/latex/hyperref/pd1enc.def
File: pd1enc.def 2022-11-13 v7.00u Hyperref: PDFDocEncoding definition (HO)
Now handling font encoding PD1 ...
... no UTF-8 mapping file for font encoding PD1
) (c:/Users/MarmontB/AppData/Roaming/TinyTeX/texmf-dist/tex/generic/intcalc/intcalc.sty
Package: intcalc 2019/12/15 v1.3 Expandable calculations with integers (HO)
) (c:/Users/MarmontB/AppData/Roaming/TinyTeX/texmf-dist/tex/generic/etexcmds/etexcmds.sty
Package: etexcmds 2019/12/15 v1.7 Avoid name clashes with e-TeX commands (HO)
)
\Hy@SavedSpaceFactor=\count199
(c:/Users/MarmontB/AppData/Roaming/TinyTeX/texmf-dist/tex/latex/hyperref/puenc.def
File: puenc.def 2022-11-13 v7.00u Hyperref: PDF Unicode definition (HO)
Now handling font encoding PU ...
... no UTF-8 mapping file for font encoding PU
)
Package hyperref Info: Option `unicode' set `true' on input line 4045.
Package hyperref Info: Option `pdfusetitle' set `true' on input line 4045.
Package hyperref Info: Option `bookmarks' set `true' on input line 4045.
Package hyperref Info: Option `bookmarksnumbered' set `true' on input line 4045.
Package hyperref Info: Option `bookmarksopen' set `true' on input line 4045.
Package hyperref Info: Option `breaklinks' set `false' on input line 4045.
Package hyperref Info: Option `colorlinks' set `false' on input line 4045.
Package hyperref Info: Hyper figures OFF on input line 4162.
Package hyperref Info: Link nesting OFF on input line 4167.
Package hyperref Info: Hyper index ON on input line 4170.
Package hyperref Info: Plain pages OFF on input line 4177.
Package hyperref Info: Backreferencing OFF on input line 4182.
Package hyperref Info: Implicit mode ON; LaTeX internals redefined.
Package hyperref Info: Bookmarks ON on input line 4410.
\c@Hy@tempcnt=\count266
(c:/Users/MarmontB/AppData/Roaming/TinyTeX/texmf-dist/tex/latex/url/url.sty
\Urlmuskip=\muskip16
Package: url 2013/09/16  ver 3.4  Verb mode for urls, etc.
)
LaTeX Info: Redefining \url on input line 4748.
\XeTeXLinkMargin=\dimen156
(c:/Users/MarmontB/AppData/Roaming/TinyTeX/texmf-dist/tex/generic/bitset/bitset.sty
Package: bitset 2019/12/09 v1.3 Handle bit-vector datatype (HO)
(c:/Users/MarmontB/AppData/Roaming/TinyTeX/texmf-dist/tex/generic/bigintcalc/bigintcalc.sty
Package: bigintcalc 2019/12/15 v1.5 Expandable calculations on big integers (HO)
))
\Fld@menulength=\count267
\Field@Width=\dimen157
\Fld@charsize=\dimen158
Package hyperref Info: Hyper figures OFF on input line 6027.
Package hyperref Info: Link nesting OFF on input line 6032.
Package hyperref Info: Hyper index ON on input line 6035.
Package hyperref Info: backreferencing OFF on input line 6042.
Package hyperref Info: Link coloring OFF on input line 6047.
Package hyperref Info: Link coloring with OCG OFF on input line 6052.
Package hyperref Info: PDF/A mode OFF on input line 6057.
(c:/Users/MarmontB/AppData/Roaming/TinyTeX/texmf-dist/tex/latex/base/atbegshi-ltx.sty
Package: atbegshi-ltx 2021/01/10 v1.0c Emulation of the original atbegshi
package with kernel methods
)
\Hy@abspage=\count268
\c@Item=\count269
\c@Hfootnote=\count270
)
Package hyperref Info: Driver (autodetected): hpdftex.
(c:/Users/MarmontB/AppData/Roaming/TinyTeX/texmf-dist/tex/latex/hyperref/hpdftex.def
File: hpdftex.def 2022-11-13 v7.00u Hyperref driver for pdfTeX
(c:/Users/MarmontB/AppData/Roaming/TinyTeX/texmf-dist/tex/latex/base/atveryend-ltx.sty
Package: atveryend-ltx 2020/08/19 v1.0a Emulation of the original atveryend package
with kernel methods
)
\Fld@listcount=\count271
\c@bookmark@seq@number=\count272
(c:/Users/MarmontB/AppData/Roaming/TinyTeX/texmf-dist/tex/latex/rerunfilecheck/rerunfilecheck.sty
Package: rerunfilecheck 2022-07-10 v1.10 Rerun checks for auxiliary files (HO)
(c:/Users/MarmontB/AppData/Roaming/TinyTeX/texmf-dist/tex/generic/uniquecounter/uniquecounter.sty
Package: uniquecounter 2019/12/15 v1.4 Provide unlimited unique counter (HO)
)
Package uniquecounter Info: New unique counter `rerunfilecheck' on input line 285.
)
\Hy@SectionHShift=\skip51
) (c:/Users/MarmontB/AppData/Roaming/TinyTeX/texmf-dist/tex/latex/l3backend/l3backend-pdftex.def
File: l3backend-pdftex.def 2023-01-16 L3 backend support: PDF output (pdfTeX)
\l__color_backend_stack_int=\count273
\l__pdf_internal_box=\box51
) (./02-starting-with-data.aux)
\openout1 = `02-starting-with-data.aux'.

LaTeX Font Info:    Checking defaults for OML/cmm/m/it on input line 76.
LaTeX Font Info:    ... okay on input line 76.
LaTeX Font Info:    Checking defaults for OMS/cmsy/m/n on input line 76.
LaTeX Font Info:    ... okay on input line 76.
LaTeX Font Info:    Checking defaults for OT1/cmr/m/n on input line 76.
LaTeX Font Info:    ... okay on input line 76.
LaTeX Font Info:    Checking defaults for T1/cmr/m/n on input line 76.
LaTeX Font Info:    ... okay on input line 76.
LaTeX Font Info:    Checking defaults for TS1/cmr/m/n on input line 76.
LaTeX Font Info:    ... okay on input line 76.
LaTeX Font Info:    Checking defaults for OMX/cmex/m/n on input line 76.
LaTeX Font Info:    ... okay on input line 76.
LaTeX Font Info:    Checking defaults for U/cmr/m/n on input line 76.
LaTeX Font Info:    ... okay on input line 76.
LaTeX Font Info:    Checking defaults for PD1/pdf/m/n on input line 76.
LaTeX Font Info:    ... okay on input line 76.
LaTeX Font Info:    Checking defaults for PU/pdf/m/n on input line 76.
LaTeX Font Info:    ... okay on input line 76.
(c:/Users/MarmontB/AppData/Roaming/TinyTeX/texmf-dist/tex/latex/epstopdf-pkg/epstopdf-base.sty
Package: epstopdf-base 2020-01-24 v2.11 Base part for package epstopdf
Package epstopdf-base Info: Redefining graphics rule for `.eps' on input line 485.
(c:/Users/MarmontB/AppData/Roaming/TinyTeX/texmf-dist/tex/latex/latexconfig/epstopdf-sys.cfg
File: epstopdf-sys.cfg 2010/07/13 v1.3 Configuration of (r)epstopdf for TeX Live
))
\big@size=\dimen159
*geometry* driver: auto-detecting
*geometry* detected driver: pdftex

Package geometry Warning: The marginal notes overrun the paper.
     Add 4.86812pt and more to the right margin.

*geometry* verbose mode - [ preamble ] result:
* driver: pdftex
* paper: <default>
* layout: <same size as paper>
* layoutoffset:(h,v)=(0.0pt,0.0pt)
* modes: 
* h-part:(L,W,R)=(71.13188pt, 472.03123pt, 71.13188pt)
* v-part:(T,H,B)=(71.13188pt, 652.70622pt, 71.13188pt)
* \paperwidth=614.295pt
* \paperheight=794.96999pt
* \textwidth=472.03123pt
* \textheight=652.70622pt
* \oddsidemargin=-1.1381pt
* \evensidemargin=-1.1381pt
* \topmargin=-38.1381pt
* \headheight=12.0pt
* \headsep=25.0pt
* \topskip=10.0pt
* \footskip=30.0pt
* \marginparwidth=65.0pt
* \marginparsep=11.0pt
* \columnsep=10.0pt
* \skip\footins=9.0pt plus 4.0pt minus 2.0pt
* \hoffset=0.0pt
* \voffset=0.0pt
* \mag=1000
* \@twocolumnfalse
* \@twosidefalse
* \@mparswitchfalse
* \@reversemarginfalse
* (1in=72.27pt=25.4mm, 1cm=28.453pt)

Package hyperref Info: Link coloring OFF on input line 76.
(./02-starting-with-data.out) (./02-starting-with-data.out)
\@outlinefile=\write3
\openout3 = `02-starting-with-data.out'.

LaTeX Font Info:    Trying to load font information for OT1+pplx on input line 85.
(c:/Users/MarmontB/AppData/Roaming/TinyTeX/texmf-dist/tex/latex/psnfss/ot1pplx.fd
File: ot1pplx.fd 2004/09/06 font definitions for OT1/pplx.
)
LaTeX Font Info:    Trying to load font information for OML+zplm on input line 85.
(c:/Users/MarmontB/AppData/Roaming/TinyTeX/texmf-dist/tex/latex/psnfss/omlzplm.fd
File: omlzplm.fd 2002/09/08 Fontinst v1.914 font definitions for OML/zplm.
)
LaTeX Font Info:    Trying to load font information for OMS+zplm on input line 85.
(c:/Users/MarmontB/AppData/Roaming/TinyTeX/texmf-dist/tex/latex/psnfss/omszplm.fd
File: omszplm.fd 2002/09/08 Fontinst v1.914 font definitions for OMS/zplm.
)
LaTeX Font Info:    Trying to load font information for OMX+zplm on input line 85.
(c:/Users/MarmontB/AppData/Roaming/TinyTeX/texmf-dist/tex/latex/psnfss/omxzplm.fd
File: omxzplm.fd 2002/09/08 Fontinst v1.914 font definitions for OMX/zplm.
)
LaTeX Font Info:    Trying to load font information for OT1+zplm on input line 85.
(c:/Users/MarmontB/AppData/Roaming/TinyTeX/texmf-dist/tex/latex/psnfss/ot1zplm.fd
File: ot1zplm.fd 2002/09/08 Fontinst v1.914 font definitions for OT1/zplm.
)

LaTeX Warning: No \author given.

LaTeX Font Info:    Trying to load font information for T1+lmtt on input line 89.
(c:/Users/MarmontB/AppData/Roaming/TinyTeX/texmf-dist/tex/latex/lm/t1lmtt.fd
File: t1lmtt.fd 2015/05/01 v1.6.1 Font defs for Latin Modern
)
LaTeX Font Info:    Font shape `T1/lmtt/bx/n' in size <10> not available
(Font)              Font shape `T1/lmtt/b/n' tried instead on input line 97.

Overfull \hbox (168.4669pt too wide) in paragraph at lines 158--158
[]\T1/lmtt/m/n/10 [[]"Before we start"[]](https://datacarpentry.org/R-ecology-lesson/00-before-we-start.html#Organizing_your_working_directory).[] 
 []


Overfull \hbox (58.21722pt too wide) in paragraph at lines 236--236
[]\T1/lmtt/m/n/10 > [newlines](https://en.wikipedia.org/wiki/Newline) are important characteristics of your data files.[] 
 []


Overfull \hbox (5.71738pt too wide) in paragraph at lines 318--318
[]    \T1/lmtt/m/n/10 * `[]\T1/lmtt/b/n/10 names[]\T1/lmtt/m/n/10 (surveys)` - returns the column []\T1/lmtt/b/n/10 names[] \T1/lmtt/m/n/10 (synonym of `[]\T1/lmtt/b/n/10 colnames[]\T1/lmtt/m/n/10 ()` for `data.frame`[] 
 []


Overfull \hbox (0.46739pt too wide) in paragraph at lines 323--323
[]    \T1/lmtt/m/n/10 * `[]\T1/lmtt/b/n/10 str[]\T1/lmtt/m/n/10 (surveys)` - structure of the object and information about the class, length and[] 
 []


LaTeX Font Warning: Font shape `T1/lmtt/bx/it' in size <10> not available
(Font)              Font shape `T1/lmtt/b/sl' tried instead on input line 424.


Overfull \hbox (136.967pt too wide) in paragraph at lines 427--427
[]\T1/lmtt/m/n/10 Data frames can be subset by calling []\T1/lmtt/b/n/10 indices[] \T1/lmtt/m/n/10 (as shown previously), but also by calling their column names directly:[] 
 []


Overfull \hbox (52.96724pt too wide) in paragraph at lines 442--442
[]\T1/lmtt/m/n/10 In RStudio, you can use the autocompletion feature to get the full and correct names of the columns.[] 
 []


Overfull \hbox (924.4647pt too wide) in paragraph at lines 521--521
[]\T1/lmtt/m/n/10 Factors are stored as integers associated with labels and they can be ordered or unordered. While factors []\T1/lmtt/b/n/10 look[] \T1/lmtt/m/n/10 (and often behave) like character vectors, they are actually treated as integer vectors by R. So you need to be very careful when treating them as strings.[] 
 []


Overfull \hbox (394.21625pt too wide) in paragraph at lines 523--523
[]\T1/lmtt/m/n/10 When importing a data frame with `[]\T1/lmtt/b/n/10 read_csv[]\T1/lmtt/m/n/10 ()`, the columns that contain text are not automatically []\T1/lmtt/b/n/10 coerced[] \T1/lmtt/m/n/10 (=converted) into the `factor` data type, but once we have[] 
 []


Overfull \hbox (294.46654pt too wide) in paragraph at lines 682--682
[]\T1/lmtt/m/n/10 > * Now that we have renamed the factor level to []"undetermined"[], can you recreate the barplot such that []"undetermined"[] is []\T1/lmtt/b/n/10 first[] \T1/lmtt/m/n/10 (before []"female"[])?[] 
 []


Overfull \hbox (16.21735pt too wide) in paragraph at lines 729--729
[]\T1/lmtt/m/n/10 >      * What would you need to change to ensure that each column had the accurate data type?[] 
 []


Overfull \hbox (31.9673pt too wide) in paragraph at lines 749--749
[]\T1/lmtt/m/n/10 >    country_climate <- []\T1/lmtt/b/n/10 data.frame[]\T1/lmtt/m/n/10 (country = []\T1/lmtt/b/n/10 c[]\T1/lmtt/m/n/10 ([]"Canada"[], []"Panama"[], []"South Africa"[], []"Australia"[]),[] 
 []


Overfull \hbox (16.21735pt too wide) in paragraph at lines 750--750
[]\T1/lmtt/m/n/10 >                                   climate = []\T1/lmtt/b/n/10 c[]\T1/lmtt/m/n/10 ([]"cold"[], []"hot"[], []"temperate"[], []"hot/temperate"[]),[] 
 []


Overfull \hbox (168.4669pt too wide) in paragraph at lines 775--775
[]\T1/lmtt/m/n/10 Learn more in this [RStudio tutorial](https://support.rstudio.com/hc/en-us/articles/218611977-Importing-Data-with-RStudio)[] 
 []


Overfull \hbox (2100.46129pt too wide) in paragraph at lines 790--790
[]\T1/lmtt/m/n/10 We are going to use the `[]\T1/lmtt/b/n/10 ymd[]\T1/lmtt/m/n/10 ()` function from the package **`lubridate`** (which belongs to the **`tidyverse`**; learn more [here](https://www.tidyverse.org/)). **`lubridate`** gets installed as part as the **`tidyverse`** installation. When you load  the **`tidyverse`** (`[]\T1/lmtt/b/n/10 library[]\T1/lmtt/m/n/10 (tidyverse)`), the core []\T1/lmtt/b/n/10 packages[] \T1/lmtt/m/n/10 (the packages used in most data analyses) get loaded. **`lubridate`** however does not belong to the core tidyverse, so you have to load it explicitly with `[]\T1/lmtt/b/n/10 library[]\T1/lmtt/m/n/10 (lubridate)`[] 
 []


Overfull \hbox (184.21686pt too wide) in paragraph at lines 801--801
[]\T1/lmtt/m/n/10 an overview of them in the [lubridate cheat sheet](https://raw.githubusercontent.com/rstudio/cheatsheets/main/lubridate.pdf).[] 
 []


Overfull \hbox (173.71689pt too wide) in paragraph at lines 824--824
[]\T1/lmtt/m/n/10 Now we apply this function to the surveys dataset. Create a character vector from the `year`, `month`, and `day` columns of[] 
 []


Overfull \hbox (58.21722pt too wide) in paragraph at lines 848--848
[]\T1/lmtt/m/n/10 Let's make sure everything worked correctly. One way to inspect the new column is to use `[]\T1/lmtt/b/n/10 summary[]\T1/lmtt/m/n/10 ()`:[] 
 []


Overfull \hbox (1034.71439pt too wide) in paragraph at lines 857--857
[]\T1/lmtt/m/n/10 the rows in our data frame that are failing. If we combine them with what we learned about subsetting data frames earlier, we can extract the columns []"year, "[]month[]", "[]day" from the records that have `NA` in our new column `date`. We will also use `[]\T1/lmtt/b/n/10 head[]\T1/lmtt/m/n/10 ()` so we don't clutter the output:[] 
 []


Overfull \hbox (698.71536pt too wide) in paragraph at lines 868--868
[]\T1/lmtt/m/n/10 The answer is because the dates provided as input for the `[]\T1/lmtt/b/n/10 ymd[]\T1/lmtt/m/n/10 ()` function do not actually exist. If we refer to the output we got above, September and April only have 30 days, not 31 days as it is specified in our dataset.[] 
 []


Overfull \hbox (656.71548pt too wide) in paragraph at lines 871--871
[]\T1/lmtt/m/n/10 * If you have access to the raw []\T1/lmtt/b/n/10 data[] \T1/lmtt/m/n/10 (e.g., field sheets) or supporting []\T1/lmtt/b/n/10 information[] \T1/lmtt/m/n/10 (e.g., field trip reports/logs), check them and ensure the electronic database matches the information in the original data source.[] 
 []


Overfull \hbox (194.71683pt too wide) in paragraph at lines 872--872
[]\T1/lmtt/m/n/10 * If you are able to contact the person responsible for collecting the data, you could refer to them and ask for clarification.[] 
 []


Overfull \hbox (79.21716pt too wide) in paragraph at lines 873--873
[]\T1/lmtt/m/n/10 * You could also check the rest of the dataset for clues about the correct value for the erroneous dates.[] 
 []


Overfull \hbox (136.967pt too wide) in paragraph at lines 874--874
[]\T1/lmtt/m/n/10 * If your project has guidelines on how to correct this sort of errors, refer to them and apply any recommendations.[] 
 []


Overfull \hbox (168.4669pt too wide) in paragraph at lines 875--875
[]\T1/lmtt/m/n/10 * If it is not possible to ascertain the correct value for these observations, you may want to leave them as missing data.[] 
 []


Overfull \hbox (252.46666pt too wide) in paragraph at lines 877--877
[]\T1/lmtt/m/n/10 Regardless of the option you choose, it is important that you document the error and the []\T1/lmtt/b/n/10 corrections[] \T1/lmtt/m/n/10 (if any) that you apply to your data.[] 
 []

[1

{c:/Users/MarmontB/AppData/Roaming/TinyTeX/texmf-var/fonts/map/pdftex/updmap/pdftex.map}]
Underfull \vbox (badness 10000) detected at line 884
 []


Underfull \vbox (badness 10000) detected at line 884
 []

[2]
Underfull \vbox (badness 10000) detected at line 884
 []


Underfull \vbox (badness 10000) detected at line 884
 []

[3]
Underfull \vbox (badness 10000) detected at line 884
 []


Underfull \vbox (badness 10000) detected at line 884
 []

[4]
Underfull \vbox (badness 10000) detected at line 884
 []


Overfull \vbox (1.5065pt too high) detected at line 884
 []

[5]
Underfull \vbox (badness 10000) detected at line 884
 []


Overfull \vbox (1.5065pt too high) detected at line 884
 []

[6]
Underfull \vbox (badness 10000) detected at line 884
 []


Underfull \vbox (badness 10000) detected at line 884
 []

[7]
Underfull \vbox (badness 10000) detected at line 884
 []


Underfull \vbox (badness 10000) detected at line 884
 []

[8]
Underfull \vbox (badness 10000) detected at line 884
 []


Underfull \vbox (badness 10000) detected at line 884
 []

[9]
Underfull \vbox (badness 10000) detected at line 884
 []


Underfull \vbox (badness 10000) detected at line 884
 []

[10]
Underfull \vbox (badness 10000) detected at line 884
 []


Underfull \vbox (badness 10000) detected at line 884
 []

[11]
Underfull \vbox (badness 10000) detected at line 884
 []


Underfull \vbox (badness 10000) detected at line 884
 []

[12]
Underfull \vbox (badness 10000) detected at line 884
 []


Overfull \vbox (1.5065pt too high) detected at line 884
 []

[13]
Underfull \vbox (badness 10000) detected at line 884
 []


Overfull \vbox (1.5065pt too high) detected at line 884
 []

[14]
Overfull \hbox (5.71738pt too wide) in paragraph at lines 959--959
[]\T1/lmtt/m/n/10 ##  [33] assertthat_0.2.1     promises_1.2.0.1     nnet_7.3-17          googlesheets4_1.0.1[] 
 []


Overfull \hbox (0.46739pt too wide) in paragraph at lines 959--959
[]\T1/lmtt/m/n/10 ##  [73] reprex_2.0.2         GPfit_1.0-8          googledrive_2.0.0    x13binary_1.1.57-3[] 
 []

[15]
Underfull \vbox (badness 10000) detected at line 966
 []


Underfull \vbox (badness 10000) detected at line 966
 []

[16] [17] (./02-starting-with-data.aux)
Package rerunfilecheck Info: File `02-starting-with-data.out' has not changed.
(rerunfilecheck)             Checksum: D41D8CD98F00B204E9800998ECF8427E;0.
 ) 
Here is how much of TeX's memory you used:
 9354 strings out of 478026
 149644 string characters out of 5838504
 1964340 words of memory out of 5000000
 29368 multiletter control sequences out of 15000+600000
 526567 words of font info for 58 fonts, out of 8000000 for 9000
 14 hyphenation exceptions out of 8191
 75i,6n,76p,578b,490s stack positions out of 10000i,1000n,20000p,200000b,200000s
{c:/Users/MarmontB/AppData/Roaming/TinyTeX/texmf-dist/fonts/enc/dvips/lm/lm-ec.enc}{c:/Users/MarmontB/AppData/Roaming/TinyTeX/texmf-dist/fonts/enc/dvips/base/8r.enc}<c:/Users/MarmontB/AppData/Roaming/TinyTeX/texmf-dist/fonts/type1/public/lm/lmtk10.pfb><c:/Users/MarmontB/AppData/Roaming/TinyTeX/texmf-dist/fonts/type1/public/lm/lmtko10.pfb><c:/Users/MarmontB/AppData/Roaming/TinyTeX/texmf-dist/fonts/type1/public/lm/lmtt10.pfb><c:/Users/MarmontB/AppData/Roaming/TinyTeX/texmf-dist/fonts/type1/public/lm/lmtti10.pfb><c:/Users/MarmontB/AppData/Roaming/TinyTeX/texmf-dist/fonts/type1/urw/palatino/uplr8a.pfb>
Output written on 02-starting-with-data.pdf (17 pages, 167486 bytes).
PDF statistics:
 110 PDF objects out of 1000 (max. 8388607)
 80 compressed objects within 1 object stream
 18 named destinations out of 1000 (max. 500000)
 1 words of extra memory for PDF output out of 10000 (max. 10000000)

