This is pdfTeX, Version 3.141592653-2.6-1.40.24 (TeX Live 2022) (preloaded format=pdflatex 2023.2.3)  3 FEB 2023 13:25
entering extended mode
 restricted \write18 enabled.
 %&-line parsing enabled.
**03-dplyr.tex
(./03-dplyr.tex
LaTeX2e <2022-11-01> patch level 1
L3 programming layer <2023-02-01> (c:/Users/MarmontB/AppData/Roaming/TinyTeX/texmf-dist/tex/latex/base/article.cls
Document Class: article 2022/07/02 v1.4n Standard LaTeX document class
(c:/Users/MarmontB/AppData/Roaming/TinyTeX/texmf-dist/tex/latex/base/size10.clo
File: size10.clo 2022/07/02 v1.4n Standard LaTeX file (size option)
)
\c@part=\count185
\c@section=\count186
\c@subsection=\count187
\c@subsubsection=\count188
\c@paragraph=\count189
\c@subparagraph=\count190
\c@figure=\count191
\c@table=\count192
\abovecaptionskip=\skip48
\belowcaptionskip=\skip49
\bibindent=\dimen140
) (c:/Users/MarmontB/AppData/Roaming/TinyTeX/texmf-dist/tex/latex/graphics/graphicx.sty
Package: graphicx 2021/09/16 v1.2d Enhanced LaTeX Graphics (DPC,SPQR)
(c:/Users/MarmontB/AppData/Roaming/TinyTeX/texmf-dist/tex/latex/graphics/keyval.sty
Package: keyval 2022/05/29 v1.15 key=value parser (DPC)
\KV@toks@=\toks16
) (c:/Users/MarmontB/AppData/Roaming/TinyTeX/texmf-dist/tex/latex/graphics/graphics.sty
Package: graphics 2022/03/10 v1.4e Standard LaTeX Graphics (DPC,SPQR)
(c:/Users/MarmontB/AppData/Roaming/TinyTeX/texmf-dist/tex/latex/graphics/trig.sty
Package: trig 2021/08/11 v1.11 sin cos tan (DPC)
) (c:/Users/MarmontB/AppData/Roaming/TinyTeX/texmf-dist/tex/latex/graphics-cfg/graphics.cfg
File: graphics.cfg 2016/06/04 v1.11 sample graphics configuration
)
Package graphics Info: Driver file: pdftex.def on input line 107.
(c:/Users/MarmontB/AppData/Roaming/TinyTeX/texmf-dist/tex/latex/graphics-def/pdftex.def
File: pdftex.def 2022/09/22 v1.2b Graphics/color driver for pdftex
))
\Gin@req@height=\dimen141
\Gin@req@width=\dimen142
) (c:/Users/MarmontB/AppData/Roaming/TinyTeX/texmf-dist/tex/latex/xcolor/xcolor.sty
Package: xcolor 2022/06/12 v2.14 LaTeX color extensions (UK)
(c:/Users/MarmontB/AppData/Roaming/TinyTeX/texmf-dist/tex/latex/graphics-cfg/color.cfg
File: color.cfg 2016/01/02 v1.6 sample color configuration
)
Package xcolor Info: Driver file: pdftex.def on input line 227.
(c:/Users/MarmontB/AppData/Roaming/TinyTeX/texmf-dist/tex/latex/graphics/mathcolor.ltx)
Package xcolor Info: Model `cmy' substituted by `cmy0' on input line 1353.
Package xcolor Info: Model `hsb' substituted by `rgb' on input line 1357.
Package xcolor Info: Model `RGB' extended on input line 1369.
Package xcolor Info: Model `HTML' substituted by `rgb' on input line 1371.
Package xcolor Info: Model `Hsb' substituted by `hsb' on input line 1372.
Package xcolor Info: Model `tHsb' substituted by `hsb' on input line 1373.
Package xcolor Info: Model `HSB' substituted by `hsb' on input line 1374.
Package xcolor Info: Model `Gray' substituted by `gray' on input line 1375.
Package xcolor Info: Model `wave' substituted by `hsb' on input line 1376.
) (c:/Users/MarmontB/AppData/Roaming/TinyTeX/texmf-dist/tex/latex/framed/framed.sty
Package: framed 2011/10/22 v 0.96: framed or shaded text with page breaks
\OuterFrameSep=\skip50
\fb@frw=\dimen143
\fb@frh=\dimen144
\FrameRule=\dimen145
\FrameSep=\dimen146
) (c:/Users/MarmontB/AppData/Roaming/TinyTeX/texmf-dist/tex/latex/base/alltt.sty
Package: alltt 2021/01/29 v2.0g defines alltt environment
) (c:/Users/MarmontB/AppData/Roaming/TinyTeX/texmf-dist/tex/latex/psnfss/mathpazo.sty
Package: mathpazo 2020/03/25 PSNFSS-v9.3 Palatino w/ Pazo Math (D.Puga, WaS) 
\symupright=\mathgroup4
) (c:/Users/MarmontB/AppData/Roaming/TinyTeX/texmf-dist/tex/latex/base/fontenc.sty
Package: fontenc 2021/04/29 v2.0v Standard LaTeX package
LaTeX Font Info:    Trying to load font information for T1+pplx on input line 112.
(c:/Users/MarmontB/AppData/Roaming/TinyTeX/texmf-dist/tex/latex/psnfss/t1pplx.fd
File: t1pplx.fd 2004/09/06 font definitions for T1/pplx.
)) (c:/Users/MarmontB/AppData/Roaming/TinyTeX/texmf-dist/tex/latex/geometry/geometry.sty
Package: geometry 2020/01/02 v5.9 Page Geometry
(c:/Users/MarmontB/AppData/Roaming/TinyTeX/texmf-dist/tex/generic/iftex/ifvtex.sty
Package: ifvtex 2019/10/25 v1.7 ifvtex legacy package. Use iftex instead.
(c:/Users/MarmontB/AppData/Roaming/TinyTeX/texmf-dist/tex/generic/iftex/iftex.sty
Package: iftex 2022/02/03 v1.0f TeX engine tests
))
\Gm@cnth=\count193
\Gm@cntv=\count194
\c@Gm@tempcnt=\count195
\Gm@bindingoffset=\dimen147
\Gm@wd@mp=\dimen148
\Gm@odd@mp=\dimen149
\Gm@even@mp=\dimen150
\Gm@layoutwidth=\dimen151
\Gm@layoutheight=\dimen152
\Gm@layouthoffset=\dimen153
\Gm@layoutvoffset=\dimen154
\Gm@dimlist=\toks17
) (c:/Users/MarmontB/AppData/Roaming/TinyTeX/texmf-dist/tex/latex/hyperref/hyperref.sty
Package: hyperref 2022-11-13 v7.00u Hypertext links for LaTeX
(c:/Users/MarmontB/AppData/Roaming/TinyTeX/texmf-dist/tex/generic/ltxcmds/ltxcmds.sty
Package: ltxcmds 2020-05-10 v1.25 LaTeX kernel commands for general use (HO)
) (c:/Users/MarmontB/AppData/Roaming/TinyTeX/texmf-dist/tex/generic/pdftexcmds/pdftexcmds.sty
Package: pdftexcmds 2020-06-27 v0.33 Utility functions of pdfTeX for LuaTeX (HO)
(c:/Users/MarmontB/AppData/Roaming/TinyTeX/texmf-dist/tex/generic/infwarerr/infwarerr.sty
Package: infwarerr 2019/12/03 v1.5 Providing info/warning/error messages (HO)
)
Package pdftexcmds Info: \pdf@primitive is available.
Package pdftexcmds Info: \pdf@ifprimitive is available.
Package pdftexcmds Info: \pdfdraftmode found.
) (c:/Users/MarmontB/AppData/Roaming/TinyTeX/texmf-dist/tex/latex/kvsetkeys/kvsetkeys.sty
Package: kvsetkeys 2022-10-05 v1.19 Key value parser (HO)
) (c:/Users/MarmontB/AppData/Roaming/TinyTeX/texmf-dist/tex/generic/kvdefinekeys/kvdefinekeys.sty
Package: kvdefinekeys 2019-12-19 v1.6 Define keys (HO)
) (c:/Users/MarmontB/AppData/Roaming/TinyTeX/texmf-dist/tex/generic/pdfescape/pdfescape.sty
Package: pdfescape 2019/12/09 v1.15 Implements pdfTeX's escape features (HO)
) (c:/Users/MarmontB/AppData/Roaming/TinyTeX/texmf-dist/tex/latex/hycolor/hycolor.sty
Package: hycolor 2020-01-27 v1.10 Color options for hyperref/bookmark (HO)
) (c:/Users/MarmontB/AppData/Roaming/TinyTeX/texmf-dist/tex/latex/letltxmacro/letltxmacro.sty
Package: letltxmacro 2019/12/03 v1.6 Let assignment for LaTeX macros (HO)
) (c:/Users/MarmontB/AppData/Roaming/TinyTeX/texmf-dist/tex/latex/auxhook/auxhook.sty
Package: auxhook 2019-12-17 v1.6 Hooks for auxiliary files (HO)
) (c:/Users/MarmontB/AppData/Roaming/TinyTeX/texmf-dist/tex/latex/hyperref/nameref.sty
Package: nameref 2022-05-17 v2.50 Cross-referencing by name of section
(c:/Users/MarmontB/AppData/Roaming/TinyTeX/texmf-dist/tex/latex/refcount/refcount.sty
Package: refcount 2019/12/15 v3.6 Data extraction from label references (HO)
) (c:/Users/MarmontB/AppData/Roaming/TinyTeX/texmf-dist/tex/generic/gettitlestring/gettitlestring.sty
Package: gettitlestring 2019/12/15 v1.6 Cleanup title references (HO)
(c:/Users/MarmontB/AppData/Roaming/TinyTeX/texmf-dist/tex/latex/kvoptions/kvoptions.sty
Package: kvoptions 2022-06-15 v3.15 Key value format for package options (HO)
))
\c@section@level=\count196
)
\@linkdim=\dimen155
\Hy@linkcounter=\count197
\Hy@pagecounter=\count198
(c:/Users/MarmontB/AppData/Roaming/TinyTeX/texmf-dist/tex/latex/hyperref/pd1enc.def
File: pd1enc.def 2022-11-13 v7.00u Hyperref: PDFDocEncoding definition (HO)
Now handling font encoding PD1 ...
... no UTF-8 mapping file for font encoding PD1
) (c:/Users/MarmontB/AppData/Roaming/TinyTeX/texmf-dist/tex/generic/intcalc/intcalc.sty
Package: intcalc 2019/12/15 v1.3 Expandable calculations with integers (HO)
) (c:/Users/MarmontB/AppData/Roaming/TinyTeX/texmf-dist/tex/generic/etexcmds/etexcmds.sty
Package: etexcmds 2019/12/15 v1.7 Avoid name clashes with e-TeX commands (HO)
)
\Hy@SavedSpaceFactor=\count199
(c:/Users/MarmontB/AppData/Roaming/TinyTeX/texmf-dist/tex/latex/hyperref/puenc.def
File: puenc.def 2022-11-13 v7.00u Hyperref: PDF Unicode definition (HO)
Now handling font encoding PU ...
... no UTF-8 mapping file for font encoding PU
)
Package hyperref Info: Option `unicode' set `true' on input line 4045.
Package hyperref Info: Option `pdfusetitle' set `true' on input line 4045.
Package hyperref Info: Option `bookmarks' set `true' on input line 4045.
Package hyperref Info: Option `bookmarksnumbered' set `true' on input line 4045.
Package hyperref Info: Option `bookmarksopen' set `true' on input line 4045.
Package hyperref Info: Option `breaklinks' set `false' on input line 4045.
Package hyperref Info: Option `colorlinks' set `false' on input line 4045.
Package hyperref Info: Hyper figures OFF on input line 4162.
Package hyperref Info: Link nesting OFF on input line 4167.
Package hyperref Info: Hyper index ON on input line 4170.
Package hyperref Info: Plain pages OFF on input line 4177.
Package hyperref Info: Backreferencing OFF on input line 4182.
Package hyperref Info: Implicit mode ON; LaTeX internals redefined.
Package hyperref Info: Bookmarks ON on input line 4410.
\c@Hy@tempcnt=\count266
(c:/Users/MarmontB/AppData/Roaming/TinyTeX/texmf-dist/tex/latex/url/url.sty
\Urlmuskip=\muskip16
Package: url 2013/09/16  ver 3.4  Verb mode for urls, etc.
)
LaTeX Info: Redefining \url on input line 4748.
\XeTeXLinkMargin=\dimen156
(c:/Users/MarmontB/AppData/Roaming/TinyTeX/texmf-dist/tex/generic/bitset/bitset.sty
Package: bitset 2019/12/09 v1.3 Handle bit-vector datatype (HO)
(c:/Users/MarmontB/AppData/Roaming/TinyTeX/texmf-dist/tex/generic/bigintcalc/bigintcalc.sty
Package: bigintcalc 2019/12/15 v1.5 Expandable calculations on big integers (HO)
))
\Fld@menulength=\count267
\Field@Width=\dimen157
\Fld@charsize=\dimen158
Package hyperref Info: Hyper figures OFF on input line 6027.
Package hyperref Info: Link nesting OFF on input line 6032.
Package hyperref Info: Hyper index ON on input line 6035.
Package hyperref Info: backreferencing OFF on input line 6042.
Package hyperref Info: Link coloring OFF on input line 6047.
Package hyperref Info: Link coloring with OCG OFF on input line 6052.
Package hyperref Info: PDF/A mode OFF on input line 6057.
(c:/Users/MarmontB/AppData/Roaming/TinyTeX/texmf-dist/tex/latex/base/atbegshi-ltx.sty
Package: atbegshi-ltx 2021/01/10 v1.0c Emulation of the original atbegshi
package with kernel methods
)
\Hy@abspage=\count268
\c@Item=\count269
\c@Hfootnote=\count270
)
Package hyperref Info: Driver (autodetected): hpdftex.
(c:/Users/MarmontB/AppData/Roaming/TinyTeX/texmf-dist/tex/latex/hyperref/hpdftex.def
File: hpdftex.def 2022-11-13 v7.00u Hyperref driver for pdfTeX
(c:/Users/MarmontB/AppData/Roaming/TinyTeX/texmf-dist/tex/latex/base/atveryend-ltx.sty
Package: atveryend-ltx 2020/08/19 v1.0a Emulation of the original atveryend package
with kernel methods
)
\Fld@listcount=\count271
\c@bookmark@seq@number=\count272
(c:/Users/MarmontB/AppData/Roaming/TinyTeX/texmf-dist/tex/latex/rerunfilecheck/rerunfilecheck.sty
Package: rerunfilecheck 2022-07-10 v1.10 Rerun checks for auxiliary files (HO)
(c:/Users/MarmontB/AppData/Roaming/TinyTeX/texmf-dist/tex/generic/uniquecounter/uniquecounter.sty
Package: uniquecounter 2019/12/15 v1.4 Provide unlimited unique counter (HO)
)
Package uniquecounter Info: New unique counter `rerunfilecheck' on input line 285.
)
\Hy@SectionHShift=\skip51
) (c:/Users/MarmontB/AppData/Roaming/TinyTeX/texmf-dist/tex/latex/l3backend/l3backend-pdftex.def
File: l3backend-pdftex.def 2023-01-16 L3 backend support: PDF output (pdfTeX)
\l__color_backend_stack_int=\count273
\l__pdf_internal_box=\box51
) (./03-dplyr.aux)
\openout1 = `03-dplyr.aux'.

LaTeX Font Info:    Checking defaults for OML/cmm/m/it on input line 76.
LaTeX Font Info:    ... okay on input line 76.
LaTeX Font Info:    Checking defaults for OMS/cmsy/m/n on input line 76.
LaTeX Font Info:    ... okay on input line 76.
LaTeX Font Info:    Checking defaults for OT1/cmr/m/n on input line 76.
LaTeX Font Info:    ... okay on input line 76.
LaTeX Font Info:    Checking defaults for T1/cmr/m/n on input line 76.
LaTeX Font Info:    ... okay on input line 76.
LaTeX Font Info:    Checking defaults for TS1/cmr/m/n on input line 76.
LaTeX Font Info:    ... okay on input line 76.
LaTeX Font Info:    Checking defaults for OMX/cmex/m/n on input line 76.
LaTeX Font Info:    ... okay on input line 76.
LaTeX Font Info:    Checking defaults for U/cmr/m/n on input line 76.
LaTeX Font Info:    ... okay on input line 76.
LaTeX Font Info:    Checking defaults for PD1/pdf/m/n on input line 76.
LaTeX Font Info:    ... okay on input line 76.
LaTeX Font Info:    Checking defaults for PU/pdf/m/n on input line 76.
LaTeX Font Info:    ... okay on input line 76.
(c:/Users/MarmontB/AppData/Roaming/TinyTeX/texmf-dist/tex/latex/epstopdf-pkg/epstopdf-base.sty
Package: epstopdf-base 2020-01-24 v2.11 Base part for package epstopdf
Package epstopdf-base Info: Redefining graphics rule for `.eps' on input line 485.
(c:/Users/MarmontB/AppData/Roaming/TinyTeX/texmf-dist/tex/latex/latexconfig/epstopdf-sys.cfg
File: epstopdf-sys.cfg 2010/07/13 v1.3 Configuration of (r)epstopdf for TeX Live
))
\big@size=\dimen159
*geometry* driver: auto-detecting
*geometry* detected driver: pdftex

Package geometry Warning: The marginal notes overrun the paper.
     Add 4.86812pt and more to the right margin.

*geometry* verbose mode - [ preamble ] result:
* driver: pdftex
* paper: <default>
* layout: <same size as paper>
* layoutoffset:(h,v)=(0.0pt,0.0pt)
* modes: 
* h-part:(L,W,R)=(71.13188pt, 472.03123pt, 71.13188pt)
* v-part:(T,H,B)=(71.13188pt, 652.70622pt, 71.13188pt)
* \paperwidth=614.295pt
* \paperheight=794.96999pt
* \textwidth=472.03123pt
* \textheight=652.70622pt
* \oddsidemargin=-1.1381pt
* \evensidemargin=-1.1381pt
* \topmargin=-38.1381pt
* \headheight=12.0pt
* \headsep=25.0pt
* \topskip=10.0pt
* \footskip=30.0pt
* \marginparwidth=65.0pt
* \marginparsep=11.0pt
* \columnsep=10.0pt
* \skip\footins=9.0pt plus 4.0pt minus 2.0pt
* \hoffset=0.0pt
* \voffset=0.0pt
* \mag=1000
* \@twocolumnfalse
* \@twosidefalse
* \@mparswitchfalse
* \@reversemarginfalse
* (1in=72.27pt=25.4mm, 1cm=28.453pt)

Package hyperref Info: Link coloring OFF on input line 76.
(./03-dplyr.out) (./03-dplyr.out)
\@outlinefile=\write3
\openout3 = `03-dplyr.out'.

LaTeX Font Info:    Trying to load font information for OT1+pplx on input line 85.
(c:/Users/MarmontB/AppData/Roaming/TinyTeX/texmf-dist/tex/latex/psnfss/ot1pplx.fd
File: ot1pplx.fd 2004/09/06 font definitions for OT1/pplx.
)
LaTeX Font Info:    Trying to load font information for OML+zplm on input line 85.
(c:/Users/MarmontB/AppData/Roaming/TinyTeX/texmf-dist/tex/latex/psnfss/omlzplm.fd
File: omlzplm.fd 2002/09/08 Fontinst v1.914 font definitions for OML/zplm.
)
LaTeX Font Info:    Trying to load font information for OMS+zplm on input line 85.
(c:/Users/MarmontB/AppData/Roaming/TinyTeX/texmf-dist/tex/latex/psnfss/omszplm.fd
File: omszplm.fd 2002/09/08 Fontinst v1.914 font definitions for OMS/zplm.
)
LaTeX Font Info:    Trying to load font information for OMX+zplm on input line 85.
(c:/Users/MarmontB/AppData/Roaming/TinyTeX/texmf-dist/tex/latex/psnfss/omxzplm.fd
File: omxzplm.fd 2002/09/08 Fontinst v1.914 font definitions for OMX/zplm.
)
LaTeX Font Info:    Trying to load font information for OT1+zplm on input line 85.
(c:/Users/MarmontB/AppData/Roaming/TinyTeX/texmf-dist/tex/latex/psnfss/ot1zplm.fd
File: ot1zplm.fd 2002/09/08 Fontinst v1.914 font definitions for OT1/zplm.
)

LaTeX Warning: No \author given.

LaTeX Font Info:    Trying to load font information for T1+lmtt on input line 89.
(c:/Users/MarmontB/AppData/Roaming/TinyTeX/texmf-dist/tex/latex/lm/t1lmtt.fd
File: t1lmtt.fd 2015/05/01 v1.6.1 Font defs for Latin Modern
)
LaTeX Font Info:    Font shape `T1/lmtt/bx/n' in size <10> not available
(Font)              Font shape `T1/lmtt/b/n' tried instead on input line 96.

Overfull \hbox (173.71689pt too wide) in paragraph at lines 118--118
[]\T1/lmtt/m/n/10 > * Extract certain rows in a data frame according to []\T1/lmtt/b/n/10 logical[] \T1/lmtt/m/n/10 (boolean) conditions with the **`dplyr`** function `filter` .[] 
 []


Overfull \hbox (115.96706pt too wide) in paragraph at lines 119--119
[]\T1/lmtt/m/n/10 > * Link the output of one **`dplyr`** function to the input of another function with the []'pipe'[] operator `%>%`.[] 
 []


Overfull \hbox (399.46623pt too wide) in paragraph at lines 122--122
[]\T1/lmtt/m/n/10 > * Use `summarize`, `group_by`, and `count` to split a data frame into groups of observations, apply summary statistics for each group, and then combine the results.[] 
 []


Overfull \hbox (84.46715pt too wide) in paragraph at lines 123--123
[]\T1/lmtt/m/n/10 > * Describe the concept of a wide and a long table format and for which purpose those formats are useful.[] 
 []


Overfull \hbox (257.71664pt too wide) in paragraph at lines 125--125
[]\T1/lmtt/m/n/10 > * Reshape a data frame from long to wide format and back with the `pivot_wider` and `pivot_longer` commands from the **`tidyr`** package.[] 
 []


Overfull \hbox (404.71622pt too wide) in paragraph at lines 140--140
[]\T1/lmtt/m/n/10 helping with tabular data manipulation. It pairs nicely with **`tidyr`** which enables you to swiftly convert between different data formats for plotting and analysis.[] 
 []


Overfull \hbox (336.46642pt too wide) in paragraph at lines 143--143
[][]\T1/lmtt/m/n/10 "umbrella-package"[] that installs **`tidyr`**, **`dplyr`**, and several other useful packages for data analysis, such as  **`ggplot2`**, **`tibble`**, etc.[] 
 []


Overfull \hbox (21.46733pt too wide) in paragraph at lines 151--151
[]\T1/lmtt/m/n/10 3. The existence of hidden arguments having default operations that new learners are not aware[] 
 []


Overfull \hbox (346.96638pt too wide) in paragraph at lines 155--155
[]\T1/lmtt/m/n/10 If you haven't already done so, you can type `[]\T1/lmtt/b/n/10 install.packages[]\T1/lmtt/m/n/10 ([]"tidyverse"[])` straight into the console. Then, type `[]\T1/lmtt/b/n/10 library[]\T1/lmtt/m/n/10 (tidyverse)` to load the package.[] 
 []


Overfull \hbox (0.46739pt too wide) in paragraph at lines 170--170
[]\T1/lmtt/m/n/10 can connect to a database of many hundreds of GB, conduct queries on it directly, and pull[] 
 []


Overfull \hbox (68.7172pt too wide) in paragraph at lines 174--174
[]\T1/lmtt/m/n/10 plotting and usage by different R functions. For example, sometimes we want data sets where we have one[] 
 []


Overfull \hbox (5.71738pt too wide) in paragraph at lines 178--178
[]\T1/lmtt/m/n/10 Moving back and forth between these formats is non-trivial, and **`tidyr`** gives you tools[] 
 []


Overfull \hbox (42.46727pt too wide) in paragraph at lines 181--181
[]\T1/lmtt/m/n/10 To learn more about **`dplyr`** and **`tidyr`** after the workshop, you may want to check out this[] 
 []


Overfull \hbox (257.71664pt too wide) in paragraph at lines 182--182
[]\T1/lmtt/m/n/10 [handy data transformation with **`dplyr`** cheatsheet](https://raw.githubusercontent.com/rstudio/cheatsheets/main/data-transformation.pdf)[] 
 []


Overfull \hbox (100.2171pt too wide) in paragraph at lines 183--183
[]\T1/lmtt/m/n/10 and this [one about **`tidyr`**](https://raw.githubusercontent.com/rstudio/cheatsheets/main/data-import.pdf).[] 
 []


Overfull \hbox (388.96626pt too wide) in paragraph at lines 251--251
[]\T1/lmtt/m/n/10 This is readable, but can clutter up your workspace with lots of objects that you have to name individually. With multiple steps, that can be hard to keep track of.[] 
 []


Overfull \hbox (79.21716pt too wide) in paragraph at lines 334--334
[]\T1/lmtt/m/n/10 You can also create a second new column based on the first new column within the same call of `[]\T1/lmtt/b/n/10 mutate[]\T1/lmtt/m/n/10 ()`:[] 
 []


Overfull \hbox (346.96638pt too wide) in paragraph at lines 471--471
[]\T1/lmtt/m/n/10 It is sometimes useful to rearrange the result of a query to inspect the values. For instance, we can sort on `min_weight` to put the lighter species first:[] 
 []


Overfull \hbox (226.21674pt too wide) in paragraph at lines 483--483
[]\T1/lmtt/m/n/10 To sort in descending order, we need to add the `[]\T1/lmtt/b/n/10 desc[]\T1/lmtt/m/n/10 ()` function. If we want to sort the results by decreasing order of mean weight:[] 
 []


Overfull \hbox (693.46538pt too wide) in paragraph at lines 507--507
[]\T1/lmtt/m/n/10 The `[]\T1/lmtt/b/n/10 count[]\T1/lmtt/m/n/10 ()` function is shorthand for something we've already seen: grouping by a variable, and summarizing it by counting the number of observations in that group. In other words, `surveys %>% []\T1/lmtt/b/n/10 count[]\T1/lmtt/m/n/10 ()` is equivalent to:[] 
 []


Overfull \hbox (110.71707pt too wide) in paragraph at lines 613--613
[]\T1/lmtt/m/n/10 wanted to compare the different mean weight of each genus between plots? (Ignoring `plot_type` for simplicity).[] 
 []


Overfull \hbox (373.21631pt too wide) in paragraph at lines 615--615
[]\T1/lmtt/m/n/10 We'd need to create a new table where each []\T1/lmtt/b/n/10 row[] \T1/lmtt/m/n/10 (the unit) is comprised of values of variables associated with each plot. In practical terms this means the values[] 
 []


Overfull \hbox (231.46672pt too wide) in paragraph at lines 616--616
[]\T1/lmtt/m/n/10 in `genus` would become the names of column variables and the cells would contain the values of the mean weight observed on each plot.[] 
 []


Overfull \hbox (1176.46397pt too wide) in paragraph at lines 630--630
[]\T1/lmtt/m/n/10 These may sound like dramatically different data layouts, but there are some tools that make transitions between these layouts more straightforward than you might think! The gif below shows how these two formats relate to each other, and gives you an idea of how we can use R to shift from one format to the other.[] 
 []


Overfull \hbox (37.21729pt too wide) in paragraph at lines 661--661
[]\T1/lmtt/m/n/10 Using `[]\T1/lmtt/b/n/10 pivot_wider[]\T1/lmtt/m/n/10 ()` with the names from `genus` and with values from `mean_weight` this becomes[] 
 []


Overfull \hbox (210.46678pt too wide) in paragraph at lines 673--673
[]\T1/lmtt/m/n/10 We could now plot comparisons between the weight of []\T1/lmtt/b/n/10 genera[] \T1/lmtt/m/n/10 (one is called a genus, multiple are called genera) in different plots,[] 
 []


Overfull \hbox (562.21576pt too wide) in paragraph at lines 702--702
[]\T1/lmtt/m/n/10 In pivoting longer, we also need to specify what columns to reshape. If the columns are directly adjacent as they are here, we don't even need to list the all out: we can just use the `:` operator![] 
 []


Overfull \hbox (126.46703pt too wide) in paragraph at lines 718--718
[]\T1/lmtt/m/n/10 we will use all columns _except_ `plot_id` for the names variable. By using the minus sign in the `cols` argument,[] 
 []


Overfull \hbox (42.46727pt too wide) in paragraph at lines 765--765
[]\T1/lmtt/m/n/10 >   []\T1/lmtt/b/n/10 pivot_longer[]\T1/lmtt/m/n/10 (names_to = []"measurement"[], values_to = []"value"[], cols = []\T1/lmtt/b/n/10 c[]\T1/lmtt/m/n/10 (hindfoot_length, weight))[] 
 []


Overfull \hbox (1288.44977pt too wide) in paragraph at lines 784--784
[][]\T1/lmtt/m/it/10 ## 1. Reshape the `surveys` data frame with `year` as columns, `plot_id` as rows, and the number of genera per plot as the values. You will need to summarize before reshaping, and use the function `n_distinct()` to get the number of unique genera within a particular chunk of data. It's a powerful function! See `?n_distinct` for more.[][] 
 []


Overfull \hbox (117.70317pt too wide) in paragraph at lines 786--786
[][]\T1/lmtt/m/it/10 ## 2. Now take that data frame and `pivot_longer()` it, so each row is a unique `plot_id` by `year` combination.[][] 
 []


Overfull \hbox (2422.44647pt too wide) in paragraph at lines 788--788
[][]\T1/lmtt/m/it/10 ## 3. The `surveys` data set has two measurement columns: `hindfoot_length` and `weight`. This makes it difficult to do things like look at the relationship between mean values of each measurement per year in different plot types. Let's walk through a common solution for this type of problem. First, use `pivot_longer()` to create a dataset where we have a names column called `measurement` and a `value` column that takes on the value of either `hindfoot_length` or `weight`. *Hint*: You'll need to specify which columns will be part of the reshape.[][] 
 []


Overfull \hbox (1078.45038pt too wide) in paragraph at lines 790--790
[][]\T1/lmtt/m/it/10 ## 4. With this new data set, calculate the average of each `measurement` in each `year` for each different `plot_type`. Then `pivot_wider()` them into a data set with a column for `hindfoot_length` and `weight`. *Hint*: You only need to specify the names and values columns for `pivot_wider()`.[][] 
 []


Overfull \hbox (257.71664pt too wide) in paragraph at lines 814--814
[]\T1/lmtt/m/n/10 Let's start by removing observations of animals for which `weight` and `hindfoot_length` are missing, or the `sex` has not been determined:[] 
 []

[1

{c:/Users/MarmontB/AppData/Roaming/TinyTeX/texmf-var/fonts/map/pdftex/updmap/pdftex.map}]
Underfull \vbox (badness 10000) detected at line 886
 []


Underfull \vbox (badness 10000) detected at line 886
 []

[2]
Underfull \vbox (badness 10000) detected at line 886
 []


Underfull \vbox (badness 10000) detected at line 886
 []

[3]
Underfull \vbox (badness 10000) detected at line 886
 []


Underfull \vbox (badness 10000) detected at line 886
 []

[4]
Underfull \vbox (badness 10000) detected at line 886
 []


Underfull \vbox (badness 10000) detected at line 886
 []

[5]
Underfull \vbox (badness 10000) detected at line 886
 []


Underfull \vbox (badness 10000) detected at line 886
 []

[6]
Underfull \vbox (badness 10000) detected at line 886
 []


Underfull \vbox (badness 10000) detected at line 886
 []

[7]
Underfull \vbox (badness 10000) detected at line 886
 []


Underfull \vbox (badness 10000) detected at line 886
 []

[8]
Underfull \vbox (badness 10000) detected at line 886
 []


Underfull \vbox (badness 10000) detected at line 886
 []

[9]
Underfull \vbox (badness 10000) detected at line 886
 []


Underfull \vbox (badness 10000) detected at line 886
 []

[10]
Underfull \vbox (badness 10000) detected at line 886
 []


Underfull \vbox (badness 10000) detected at line 886
 []

[11]
Underfull \vbox (badness 10000) detected at line 886
 []


Underfull \vbox (badness 10000) detected at line 886
 []

[12]
Underfull \vbox (badness 10000) detected at line 886
 []


Underfull \vbox (badness 10000) detected at line 886
 []

[13]
Underfull \vbox (badness 10000) detected at line 886
 []


Underfull \vbox (badness 10000) detected at line 886
 []

[14]
Underfull \vbox (badness 10000) detected at line 886
 []


Underfull \vbox (badness 10000) detected at line 886
 []

[15]
Overfull \hbox (5.71738pt too wide) in paragraph at lines 961--961
[]\T1/lmtt/m/n/10 ##  [33] assertthat_0.2.1     promises_1.2.0.1     nnet_7.3-17          googlesheets4_1.0.1[] 
 []


Overfull \hbox (0.46739pt too wide) in paragraph at lines 961--961
[]\T1/lmtt/m/n/10 ##  [73] reprex_2.0.2         GPfit_1.0-8          googledrive_2.0.0    x13binary_1.1.57-3[] 
 []

[16] [17] (./03-dplyr.aux)
Package rerunfilecheck Info: File `03-dplyr.out' has not changed.
(rerunfilecheck)             Checksum: D41D8CD98F00B204E9800998ECF8427E;0.
 ) 
Here is how much of TeX's memory you used:
 9351 strings out of 478026
 149382 string characters out of 5838504
 1963340 words of memory out of 5000000
 29366 multiletter control sequences out of 15000+600000
 526247 words of font info for 57 fonts, out of 8000000 for 9000
 14 hyphenation exceptions out of 8191
 75i,6n,76p,593b,487s stack positions out of 10000i,1000n,20000p,200000b,200000s
{c:/Users/MarmontB/AppData/Roaming/TinyTeX/texmf-dist/fonts/enc/dvips/lm/lm-ec.enc}{c:/Users/MarmontB/AppData/Roaming/TinyTeX/texmf-dist/fonts/enc/dvips/base/8r.enc}<c:/Users/MarmontB/AppData/Roaming/TinyTeX/texmf-dist/fonts/type1/public/lm/lmtk10.pfb><c:/Users/MarmontB/AppData/Roaming/TinyTeX/texmf-dist/fonts/type1/public/lm/lmtt10.pfb><c:/Users/MarmontB/AppData/Roaming/TinyTeX/texmf-dist/fonts/type1/public/lm/lmtti10.pfb><c:/Users/MarmontB/AppData/Roaming/TinyTeX/texmf-dist/fonts/type1/urw/palatino/uplr8a.pfb>
Output written on 03-dplyr.pdf (17 pages, 135708 bytes).
PDF statistics:
 105 PDF objects out of 1000 (max. 8388607)
 77 compressed objects within 1 object stream
 18 named destinations out of 1000 (max. 500000)
 1 words of extra memory for PDF output out of 10000 (max. 10000000)

